Using pre-set license
Built from '2021.3/release' branch; Version is '2021.3.12f1 (8af3c3e441b1) revision 9106371'; Using compiler version '192829333'; Build Type 'Release'
OS: 'Windows 11  (10.0.22621) 64bit Core' Language: 'en' Physical Memory: 7981 MB
BatchMode: 1, IsHumanControllingUs: 0, StartBugReporterOnCrash: 0, Is64bit: 1, IsPro: 1

COMMAND LINE ARGUMENTS:
C:\Program Files\Unity\Hub\Editor\2021.3.12f1\Editor\Unity.exe
-adb2
-batchMode
-noUpm
-name
AssetImportWorker0
-projectPath
C:/Users/bluem/Documents/GitHub/Phone-Vill/Phone Vill
-logFile
Logs/AssetImportWorker0.log
-srvPort
65210
Successfully changed project path to: C:/Users/bluem/Documents/GitHub/Phone-Vill/Phone Vill
C:/Users/bluem/Documents/GitHub/Phone-Vill/Phone Vill
[UnityMemory] Configuration Parameters - Can be set up in boot.config
    "memorysetup-bucket-allocator-granularity=16"
    "memorysetup-bucket-allocator-bucket-count=8"
    "memorysetup-bucket-allocator-block-size=33554432"
    "memorysetup-bucket-allocator-block-count=8"
    "memorysetup-main-allocator-block-size=16777216"
    "memorysetup-thread-allocator-block-size=16777216"
    "memorysetup-gfx-main-allocator-block-size=16777216"
    "memorysetup-gfx-thread-allocator-block-size=16777216"
    "memorysetup-cache-allocator-block-size=4194304"
    "memorysetup-typetree-allocator-block-size=2097152"
    "memorysetup-profiler-bucket-allocator-granularity=16"
    "memorysetup-profiler-bucket-allocator-bucket-count=8"
    "memorysetup-profiler-bucket-allocator-block-size=33554432"
    "memorysetup-profiler-bucket-allocator-block-count=8"
    "memorysetup-profiler-allocator-block-size=16777216"
    "memorysetup-profiler-editor-allocator-block-size=1048576"
    "memorysetup-temp-allocator-size-main=16777216"
    "memorysetup-job-temp-allocator-block-size=2097152"
    "memorysetup-job-temp-allocator-block-size-background=1048576"
    "memorysetup-job-temp-allocator-reduction-small-platforms=262144"
    "memorysetup-temp-allocator-size-background-worker=32768"
    "memorysetup-temp-allocator-size-job-worker=262144"
    "memorysetup-temp-allocator-size-preload-manager=33554432"
    "memorysetup-temp-allocator-size-nav-mesh-worker=65536"
    "memorysetup-temp-allocator-size-audio-worker=65536"
    "memorysetup-temp-allocator-size-cloud-worker=32768"
    "memorysetup-temp-allocator-size-gi-baking-worker=262144"
    "memorysetup-temp-allocator-size-gfx=262144"
Refreshing native plugins compatible for Editor in 125.47 ms, found 3 plugins.
Preloading 0 native plugins for Editor in 0.00 ms.
Initialize engine version: 2021.3.12f1 (8af3c3e441b1)
[Subsystems] Discovering subsystems at path C:/Program Files/Unity/Hub/Editor/2021.3.12f1/Editor/Data/Resources/UnitySubsystems
[Subsystems] Discovering subsystems at path C:/Users/bluem/Documents/GitHub/Phone-Vill/Phone Vill/Assets
GfxDevice: creating device client; threaded=0; jobified=0
Direct3D:
    Version:  Direct3D 11.0 [level 11.1]
    Renderer: Intel(R) UHD Graphics 620 (ID=0x3ea0)
    Vendor:   Intel
    VRAM:     3990 MB
    Driver:   27.20.100.8478
Initialize mono
Mono path[0] = 'C:/Program Files/Unity/Hub/Editor/2021.3.12f1/Editor/Data/Managed'
Mono path[1] = 'C:/Program Files/Unity/Hub/Editor/2021.3.12f1/Editor/Data/MonoBleedingEdge/lib/mono/unityjit-win32'
Mono config path = 'C:/Program Files/Unity/Hub/Editor/2021.3.12f1/Editor/Data/MonoBleedingEdge/etc'
Using monoOptions --debugger-agent=transport=dt_socket,embedding=1,server=y,suspend=n,address=127.0.0.1:56456
Begin MonoManager ReloadAssembly
Registering precompiled unity dll's ...
Register platform support module: C:/Program Files/Unity/Hub/Editor/2021.3.12f1/Editor/Data/PlaybackEngines/WindowsStandaloneSupport/UnityEditor.WindowsStandalone.Extensions.dll
Registered in 0.007527 seconds.
Native extension for WindowsStandalone target not found
Refreshing native plugins compatible for Editor in 128.15 ms, found 3 plugins.
Preloading 0 native plugins for Editor in 0.00 ms.
Mono: successfully reloaded assembly
- Completed reload, in  1.114 seconds
Domain Reload Profiling:
	ReloadAssembly (1115ms)
		BeginReloadAssembly (130ms)
			ExecutionOrderSort (0ms)
			DisableScriptedObjects (0ms)
			BackupInstance (0ms)
			ReleaseScriptingObjects (0ms)
			CreateAndSetChildDomain (1ms)
		EndReloadAssembly (800ms)
			LoadAssemblies (127ms)
			RebuildTransferFunctionScriptingTraits (0ms)
			SetupTypeCache (243ms)
			ReleaseScriptCaches (0ms)
			RebuildScriptCaches (56ms)
			SetupLoadedEditorAssemblies (411ms)
				LogAssemblyErrors (0ms)
				InitializePlatformSupportModulesInManaged (9ms)
				SetLoadedEditorAssemblies (0ms)
				RefreshPlugins (128ms)
				BeforeProcessingInitializeOnLoad (2ms)
				ProcessInitializeOnLoadAttributes (204ms)
				ProcessInitializeOnLoadMethodAttributes (67ms)
				AfterProcessingInitializeOnLoad (0ms)
				EditorAssembliesLoaded (0ms)
			ExecutionOrderSort2 (0ms)
			AwakeInstancesAfterBackupRestoration (0ms)
Platform modules already initialized, skipping
Registering precompiled user dll's ...
Registered in 0.010106 seconds.
Begin MonoManager ReloadAssembly
Symbol file LoadedFromMemory doesn't match image C:\Users\bluem\Documents\GitHub\Phone-Vill\Phone Vill\Library\PackageCache\com.unity.visualscripting@1.7.8\Editor\VisualScripting.Core\Dependencies\YamlDotNet\Unity.VisualScripting.YamlDotNet.dll
Symbol file LoadedFromMemory doesn't match image C:\Users\bluem\Documents\GitHub\Phone-Vill\Phone Vill\Library\PackageCache\com.unity.visualscripting@1.7.8\Editor\VisualScripting.Core\Dependencies\DotNetZip\Unity.VisualScripting.IonicZip.dll
Native extension for WindowsStandalone target not found
Refreshing native plugins compatible for Editor in 1.50 ms, found 3 plugins.
Preloading 0 native plugins for Editor in 0.00 ms.
Mono: successfully reloaded assembly
- Completed reload, in  1.618 seconds
Domain Reload Profiling:
	ReloadAssembly (1620ms)
		BeginReloadAssembly (202ms)
			ExecutionOrderSort (0ms)
			DisableScriptedObjects (10ms)
			BackupInstance (0ms)
			ReleaseScriptingObjects (0ms)
			CreateAndSetChildDomain (40ms)
		EndReloadAssembly (1247ms)
			LoadAssemblies (135ms)
			RebuildTransferFunctionScriptingTraits (0ms)
			SetupTypeCache (390ms)
			ReleaseScriptCaches (1ms)
			RebuildScriptCaches (91ms)
			SetupLoadedEditorAssemblies (579ms)
				LogAssemblyErrors (0ms)
				InitializePlatformSupportModulesInManaged (8ms)
				SetLoadedEditorAssemblies (1ms)
				RefreshPlugins (2ms)
				BeforeProcessingInitializeOnLoad (118ms)
				ProcessInitializeOnLoadAttributes (397ms)
				ProcessInitializeOnLoadMethodAttributes (42ms)
				AfterProcessingInitializeOnLoad (11ms)
				EditorAssembliesLoaded (0ms)
			ExecutionOrderSort2 (0ms)
			AwakeInstancesAfterBackupRestoration (8ms)
Platform modules already initialized, skipping
========================================================================
Worker process is ready to serve import requests
Launched and connected shader compiler UnityShaderCompiler.exe after 0.08 seconds
Refreshing native plugins compatible for Editor in 1.18 ms, found 3 plugins.
Preloading 0 native plugins for Editor in 0.00 ms.
Unloading 3386 Unused Serialized files (Serialized files now loaded: 0)
Unloading 27 unused Assets / (114.7 KB). Loaded Objects now: 3862.
Memory consumption went from 133.8 MB to 133.7 MB.
Total: 3.468500 ms (FindLiveObjects: 0.335500 ms CreateObjectMapping: 0.241700 ms MarkObjects: 2.764700 ms  DeleteObjects: 0.125700 ms)

AssetImportParameters requested are different than current active one (requested -> active):
  custom:video-decoder-ogg-theora: a1e56fd34408186e4bbccfd4996cb3dc -> 
  custom:container-muxer-webm: aa71ff27fc2769a1b78a27578f13a17b -> 
  custom:container-demuxer-webm: 4f35f7cbe854078d1ac9338744f61a02 -> 
  custom:video-encoder-webm-vp8: eb34c28f22e8b96e1ab97ce403110664 -> 
  custom:video-codec-MediaFoundation-h265: 746d11721c4dcdbdad8f713fa42b33f4 -> 
  custom:audio-encoder-webm-vorbis: bf7c407c2cedff20999df2af8eb42d56 -> 
  custom:framework-win-MediaFoundation: 216162199b28c13a410421893ffa2e32 -> 
  custom:container-demuxer-ogg: 62fdf1f143b41e24485cea50d1cbac27 -> 
  custom:video-decoder-webm-vp8: 9c59270c3fd7afecdb556c50c9e8de78 -> 
  custom:audio-decoder-ogg-vorbis: bf7c407c2cedff20999df2af8eb42d56 -> 
========================================================================
Received Import Request.
  Time since last request: 26309.293142 seconds.
  path: Assets/SyntyStudios/PolygonStarter/PolygonPrototype/Materials/FX/PolygonPrototype_FX_GlowRing.mat
  artifactKey: Guid(bf8b699dcdcd73e49a261a38c68b012b) Importer(815301076,1909f56bfc062723c751e8b465ee728b)
Start importing Assets/SyntyStudios/PolygonStarter/PolygonPrototype/Materials/FX/PolygonPrototype_FX_GlowRing.mat using Guid(bf8b699dcdcd73e49a261a38c68b012b) Importer(815301076,1909f56bfc062723c751e8b465ee728b)  -> (artifact id: 'e61b5705162a4b1a43eaeda0a5a16609') in 0.251887 seconds 
========================================================================
Received Import Request.
  Time since last request: 0.000028 seconds.
  path: Assets/SyntyStudios/PolygonCity/Models/SM_Bld_Apartment_02.fbx
  artifactKey: Guid(7e542005a33c314419c59e77105281fe) Importer(815301076,1909f56bfc062723c751e8b465ee728b)
Start importing Assets/SyntyStudios/PolygonCity/Models/SM_Bld_Apartment_02.fbx using Guid(7e542005a33c314419c59e77105281fe) Importer(815301076,1909f56bfc062723c751e8b465ee728b)  -> (artifact id: '5865d37f1b467c57afe97ec13930a791') in 0.173895 seconds 
========================================================================
Received Import Request.
  Time since last request: 0.000065 seconds.
  path: Assets/SyntyStudios/PolygonCity/Models/SM_Bld_Apartment_Stack_01.fbx
  artifactKey: Guid(702411931968ddf488d1b4a073900bce) Importer(815301076,1909f56bfc062723c751e8b465ee728b)
Start importing Assets/SyntyStudios/PolygonCity/Models/SM_Bld_Apartment_Stack_01.fbx using Guid(702411931968ddf488d1b4a073900bce) Importer(815301076,1909f56bfc062723c751e8b465ee728b)  -> (artifact id: '6fadbb39a421775f7c758af3811e3c83') in 0.065258 seconds 
========================================================================
Received Import Request.
  Time since last request: 0.000052 seconds.
  path: Assets/SyntyStudios/PolygonStarter/PolygonPrototype/Models/SM_Buildings_RoofAngledCornerMiddle_1x1_01P.fbx
  artifactKey: Guid(362db01c151bbfa4aa9abc7c06e07417) Importer(815301076,1909f56bfc062723c751e8b465ee728b)
Start importing Assets/SyntyStudios/PolygonStarter/PolygonPrototype/Models/SM_Buildings_RoofAngledCornerMiddle_1x1_01P.fbx using Guid(362db01c151bbfa4aa9abc7c06e07417) Importer(815301076,1909f56bfc062723c751e8b465ee728b)  -> (artifact id: '21d9ab6920646034d12a14bca06fb49e') in 0.076890 seconds 
========================================================================
Received Import Request.
  Time since last request: 0.000034 seconds.
  path: Assets/SyntyStudios/PolygonCity/Materials/PolygonCity_Mat_04_A.mat
  artifactKey: Guid(ee5d59fcc8497a641905c26644c20880) Importer(815301076,1909f56bfc062723c751e8b465ee728b)
Start importing Assets/SyntyStudios/PolygonCity/Materials/PolygonCity_Mat_04_A.mat using Guid(ee5d59fcc8497a641905c26644c20880) Importer(815301076,1909f56bfc062723c751e8b465ee728b)  -> (artifact id: '2ddbf94370a1277adc49c59cde24bae2') in 0.147953 seconds 
========================================================================
Received Import Request.
  Time since last request: 0.000061 seconds.
  path: Assets/SyntyStudios/PolygonStarter/PolygonPrototype/Models/SM_Buildings_RoofAngledCornerOuter_2x2_01P.fbx
  artifactKey: Guid(6ce1fc5008f67754ebf7f19f70d15a5a) Importer(815301076,1909f56bfc062723c751e8b465ee728b)
Start importing Assets/SyntyStudios/PolygonStarter/PolygonPrototype/Models/SM_Buildings_RoofAngledCornerOuter_2x2_01P.fbx using Guid(6ce1fc5008f67754ebf7f19f70d15a5a) Importer(815301076,1909f56bfc062723c751e8b465ee728b)  -> (artifact id: '72687a9fdbd741c685a833a0384131e8') in 0.063647 seconds 
========================================================================
Received Import Request.
  Time since last request: 0.000071 seconds.
  path: Assets/SyntyStudios/PolygonCity/Models/Collisions/SM_Bld_Apartment_Stairs_01_Collision.fbx
  artifactKey: Guid(27d2d47fe6c269243a9fa526d47ec957) Importer(815301076,1909f56bfc062723c751e8b465ee728b)
Start importing Assets/SyntyStudios/PolygonCity/Models/Collisions/SM_Bld_Apartment_Stairs_01_Collision.fbx using Guid(27d2d47fe6c269243a9fa526d47ec957) Importer(815301076,1909f56bfc062723c751e8b465ee728b)  -> (artifact id: '847310d3574c44506ad130573ad92b2b') in 0.079860 seconds 
========================================================================
Received Import Request.
  Time since last request: 0.000125 seconds.
  path: Assets/SyntyStudios/PolygonStarter/PolygonPrototype/Models/SM_Buildings_Rail_1x1_01P.fbx
  artifactKey: Guid(44a27fa982e24ef4d94fe0285eb20b0c) Importer(815301076,1909f56bfc062723c751e8b465ee728b)
Start importing Assets/SyntyStudios/PolygonStarter/PolygonPrototype/Models/SM_Buildings_Rail_1x1_01P.fbx using Guid(44a27fa982e24ef4d94fe0285eb20b0c) Importer(815301076,1909f56bfc062723c751e8b465ee728b)  -> (artifact id: '6bf18e028626f8d813239763a1028d08') in 0.072897 seconds 
========================================================================
Received Import Request.
  Time since last request: 0.000065 seconds.
  path: Assets/SyntyStudios/PolygonCity/Models/SM_Bld_Apartment_Corner_03.fbx
  artifactKey: Guid(215c55a401db928499ce6ba99a369d07) Importer(815301076,1909f56bfc062723c751e8b465ee728b)
Start importing Assets/SyntyStudios/PolygonCity/Models/SM_Bld_Apartment_Corner_03.fbx using Guid(215c55a401db928499ce6ba99a369d07) Importer(815301076,1909f56bfc062723c751e8b465ee728b)  -> (artifact id: '9ac74196490af2bf6a104188fc752076') in 0.071585 seconds 
========================================================================
Received Import Request.
  Time since last request: 0.000059 seconds.
  path: Assets/SyntyStudios/PolygonCity/Models/SM_Bld_Apartment_Door_Corner_02.fbx
  artifactKey: Guid(a5e18c6ed29761c42a91151011d03b39) Importer(815301076,1909f56bfc062723c751e8b465ee728b)
Start importing Assets/SyntyStudios/PolygonCity/Models/SM_Bld_Apartment_Door_Corner_02.fbx using Guid(a5e18c6ed29761c42a91151011d03b39) Importer(815301076,1909f56bfc062723c751e8b465ee728b)  -> (artifact id: '6308717c107014347c4e65aa7d8135f5') in 0.079202 seconds 
========================================================================
Received Import Request.
  Time since last request: 0.000046 seconds.
  path: Assets/SyntyStudios/PolygonCity/Models/Materials/PolygonCity_Texture_01_C.mat
  artifactKey: Guid(94cab6af8653f8f4399b38366d45ec68) Importer(815301076,1909f56bfc062723c751e8b465ee728b)
Start importing Assets/SyntyStudios/PolygonCity/Models/Materials/PolygonCity_Texture_01_C.mat using Guid(94cab6af8653f8f4399b38366d45ec68) Importer(815301076,1909f56bfc062723c751e8b465ee728b)  -> (artifact id: '9eba83f50537a729b7e3583c851a9921') in 0.077509 seconds 
========================================================================
Received Import Request.
  Time since last request: 0.000276 seconds.
  path: Assets/SyntyStudios/PolygonStarter/PolygonPrototype/Models/SM_Buildings_RoofAngled_2x2_01P.fbx
  artifactKey: Guid(7fba5b447b033a84a8beafd094a7be3b) Importer(815301076,1909f56bfc062723c751e8b465ee728b)
Start importing Assets/SyntyStudios/PolygonStarter/PolygonPrototype/Models/SM_Buildings_RoofAngled_2x2_01P.fbx using Guid(7fba5b447b033a84a8beafd094a7be3b) Importer(815301076,1909f56bfc062723c751e8b465ee728b)  -> (artifact id: '8ccf3abdcf4e30d43615a2d2d1f4440e') in 0.078883 seconds 
========================================================================
Received Import Request.
  Time since last request: 0.000070 seconds.
  path: Assets/SyntyStudios/PolygonCity/Models/SM_Bld_OfficeRound_04.fbx
  artifactKey: Guid(d827d378d5e2eba45a6867d7348f22f3) Importer(815301076,1909f56bfc062723c751e8b465ee728b)
Start importing Assets/SyntyStudios/PolygonCity/Models/SM_Bld_OfficeRound_04.fbx using Guid(d827d378d5e2eba45a6867d7348f22f3) Importer(815301076,1909f56bfc062723c751e8b465ee728b)  -> (artifact id: '11e259474df9961cab83682f49654a23') in 0.087420 seconds 
========================================================================
Received Import Request.
  Time since last request: 0.000111 seconds.
  path: Assets/SyntyStudios/PolygonCity/Prefabs/Characters/FixedScaleCharacters/Character_Male_Jacket.prefab
  artifactKey: Guid(d461c345ada76d14f94fe72087cec0f9) Importer(815301076,1909f56bfc062723c751e8b465ee728b)
Start importing Assets/SyntyStudios/PolygonCity/Prefabs/Characters/FixedScaleCharacters/Character_Male_Jacket.prefab using Guid(d461c345ada76d14f94fe72087cec0f9) Importer(815301076,1909f56bfc062723c751e8b465ee728b)  -> (artifact id: '859d84acdf8b14d4d431f4ea6488b1c1') in 0.079704 seconds 
========================================================================
Received Import Request.
  Time since last request: 0.000113 seconds.
  path: Assets/SyntyStudios/PolygonStarter/PolygonPrototype/Models/SM_Buildings_WallCurved_2x2_01P.fbx
  artifactKey: Guid(4a75374ad8cec924499a14623bde0519) Importer(815301076,1909f56bfc062723c751e8b465ee728b)
Start importing Assets/SyntyStudios/PolygonStarter/PolygonPrototype/Models/SM_Buildings_WallCurved_2x2_01P.fbx using Guid(4a75374ad8cec924499a14623bde0519) Importer(815301076,1909f56bfc062723c751e8b465ee728b)  -> (artifact id: '6ac6a77bd23aab817aa261843517b7e0') in 0.088256 seconds 
========================================================================
Received Import Request.
  Time since last request: 0.000040 seconds.
  path: Assets/SyntyStudios/PolygonStarter/PolygonPrototype/Models/Materials/Character.mat
  artifactKey: Guid(a260213968ed1494cbac8b5161dcb39c) Importer(815301076,1909f56bfc062723c751e8b465ee728b)
Start importing Assets/SyntyStudios/PolygonStarter/PolygonPrototype/Models/Materials/Character.mat using Guid(a260213968ed1494cbac8b5161dcb39c) Importer(815301076,1909f56bfc062723c751e8b465ee728b)  -> (artifact id: '937ddcbf3510fb40947945846c650a3f') in 0.056310 seconds 
========================================================================
Received Import Request.
  Time since last request: 0.000036 seconds.
  path: Assets/SyntyStudios/PolygonCity/Models/SM_Bld_OfficeSquare_Roof_01.fbx
  artifactKey: Guid(846da82b18a9c344e81e6d8ff9f4c204) Importer(815301076,1909f56bfc062723c751e8b465ee728b)
Start importing Assets/SyntyStudios/PolygonCity/Models/SM_Bld_OfficeSquare_Roof_01.fbx using Guid(846da82b18a9c344e81e6d8ff9f4c204) Importer(815301076,1909f56bfc062723c751e8b465ee728b)  -> (artifact id: 'a867adff07650498ca2dbc543fbcd36e') in 0.071588 seconds 
========================================================================
Received Import Request.
  Time since last request: 0.000056 seconds.
  path: Assets/SyntyStudios/PolygonStarter/PolygonPrototype/Models/SM_Buildings_Ramp_60_1x1_01P.fbx
  artifactKey: Guid(5646b47812647344d99a24387fa27501) Importer(815301076,1909f56bfc062723c751e8b465ee728b)
Start importing Assets/SyntyStudios/PolygonStarter/PolygonPrototype/Models/SM_Buildings_Ramp_60_1x1_01P.fbx using Guid(5646b47812647344d99a24387fa27501) Importer(815301076,1909f56bfc062723c751e8b465ee728b)  -> (artifact id: '491c6e30df254c65601e5fe7fbe3bd4e') in 0.073381 seconds 
========================================================================
Received Import Request.
  Time since last request: 0.000245 seconds.
  path: Assets/SyntyStudios/PolygonCity/Materials/PolygonCity_Mat_Road_01.mat
  artifactKey: Guid(9415d5fbf987e4d47b3c90bea3a0d824) Importer(815301076,1909f56bfc062723c751e8b465ee728b)
Start importing Assets/SyntyStudios/PolygonCity/Materials/PolygonCity_Mat_Road_01.mat using Guid(9415d5fbf987e4d47b3c90bea3a0d824) Importer(815301076,1909f56bfc062723c751e8b465ee728b)  -> (artifact id: '1f84b2ec938b40611828b282bccc1224') in 0.087655 seconds 
========================================================================
Received Import Request.
  Time since last request: 0.000062 seconds.
  path: Assets/SyntyStudios/PolygonStarter/Models/SM_Bean_Female_01.fbx
  artifactKey: Guid(a668c639af8f6754dbfcfbbb9ae0471d) Importer(815301076,1909f56bfc062723c751e8b465ee728b)
Start importing Assets/SyntyStudios/PolygonStarter/Models/SM_Bean_Female_01.fbx using Guid(a668c639af8f6754dbfcfbbb9ae0471d) Importer(815301076,1909f56bfc062723c751e8b465ee728b)  -> (artifact id: 'ccf8e5cedce32c19152d5341f7982403') in 0.077630 seconds 
========================================================================
Received Import Request.
  Time since last request: 0.000065 seconds.
  path: Assets/SyntyStudios/PolygonCity/Models/SM_Bld_OfficeOctagon_01.fbx
  artifactKey: Guid(f96e358f88629694aad150ee78c51964) Importer(815301076,1909f56bfc062723c751e8b465ee728b)
Start importing Assets/SyntyStudios/PolygonCity/Models/SM_Bld_OfficeOctagon_01.fbx using Guid(f96e358f88629694aad150ee78c51964) Importer(815301076,1909f56bfc062723c751e8b465ee728b)  -> (artifact id: 'd19f7f34d7023af4e82f0bd1a9297a20') in 0.075404 seconds 
========================================================================
Received Import Request.
  Time since last request: 0.000051 seconds.
  path: Assets/SyntyStudios/PolygonCity/Models/SM_Bld_OfficeOld_Small_01.fbx
  artifactKey: Guid(fcdaf2910a36e674c91140e32f4bb4ba) Importer(815301076,1909f56bfc062723c751e8b465ee728b)
Start importing Assets/SyntyStudios/PolygonCity/Models/SM_Bld_OfficeOld_Small_01.fbx using Guid(fcdaf2910a36e674c91140e32f4bb4ba) Importer(815301076,1909f56bfc062723c751e8b465ee728b)  -> (artifact id: '3c86d69f44f4f86dcd370effdc9b17ff') in 0.087892 seconds 
========================================================================
Received Import Request.
  Time since last request: 0.000079 seconds.
  path: Assets/SyntyStudios/PolygonCity/Models/SM_Bld_Apartment_Stairs_Planter_01.fbx
  artifactKey: Guid(ff5cbf6f60105054b93e3851b435ab4b) Importer(815301076,1909f56bfc062723c751e8b465ee728b)
Start importing Assets/SyntyStudios/PolygonCity/Models/SM_Bld_Apartment_Stairs_Planter_01.fbx using Guid(ff5cbf6f60105054b93e3851b435ab4b) Importer(815301076,1909f56bfc062723c751e8b465ee728b)  -> (artifact id: '4cd548f4b03899a864d13d8529789829') in 0.099969 seconds 
========================================================================
Received Import Request.
  Time since last request: 0.000117 seconds.
  path: Assets/SyntyStudios/PolygonCity/Models/SM_Bld_OfficeRound_Base_01.fbx
  artifactKey: Guid(cb3684e034b0818468149778f9f61d12) Importer(815301076,1909f56bfc062723c751e8b465ee728b)
Start importing Assets/SyntyStudios/PolygonCity/Models/SM_Bld_OfficeRound_Base_01.fbx using Guid(cb3684e034b0818468149778f9f61d12) Importer(815301076,1909f56bfc062723c751e8b465ee728b)  -> (artifact id: 'c6c7ac4f60c73795d8a7033ad3b6f8ed') in 0.162390 seconds 
========================================================================
Received Import Request.
  Time since last request: 0.000058 seconds.
  path: Assets/SyntyStudios/PolygonStarter/PolygonPrototype/Models/SM_Buildings_Rail_5x1_01P.fbx
  artifactKey: Guid(73282c0f90bcc6a45bf711cbfe956e50) Importer(815301076,1909f56bfc062723c751e8b465ee728b)
Start importing Assets/SyntyStudios/PolygonStarter/PolygonPrototype/Models/SM_Buildings_Rail_5x1_01P.fbx using Guid(73282c0f90bcc6a45bf711cbfe956e50) Importer(815301076,1909f56bfc062723c751e8b465ee728b)  -> (artifact id: '929608caf699891c46dc89615ec2dab3') in 0.088810 seconds 
========================================================================
Received Import Request.
  Time since last request: 0.000176 seconds.
  path: Assets/SyntyStudios/PolygonStarter/PolygonPrototype/Models/SM_Buildings_Ramp_25_1x1_01P.fbx
  artifactKey: Guid(af10d369e76a8e04d819931f8a2d7713) Importer(815301076,1909f56bfc062723c751e8b465ee728b)
Start importing Assets/SyntyStudios/PolygonStarter/PolygonPrototype/Models/SM_Buildings_Ramp_25_1x1_01P.fbx using Guid(af10d369e76a8e04d819931f8a2d7713) Importer(815301076,1909f56bfc062723c751e8b465ee728b)  -> (artifact id: 'ecb34e7ea32d230e1e6a8dea11944ac7') in 0.090647 seconds 
========================================================================
Received Import Request.
  Time since last request: 0.000141 seconds.
  path: Assets/SyntyStudios/PolygonCity/Models/Collisions/Materials/lambert1.mat
  artifactKey: Guid(70268ac3fadbdf84fb973b0a7268dbd7) Importer(815301076,1909f56bfc062723c751e8b465ee728b)
Start importing Assets/SyntyStudios/PolygonCity/Models/Collisions/Materials/lambert1.mat using Guid(70268ac3fadbdf84fb973b0a7268dbd7) Importer(815301076,1909f56bfc062723c751e8b465ee728b)  -> (artifact id: '9758b45ecfbc6ecf6a1d334b9f581e23') in 0.047567 seconds 
========================================================================
Received Import Request.
  Time since last request: 0.000268 seconds.
  path: Assets/SyntyStudios/PolygonStarter/PolygonPrototype/Models/SM_Buildings_RoofAngledCornerInner_1x1_01.fbx
  artifactKey: Guid(2b5aebd9d645bfe498b624603d4ed59f) Importer(815301076,1909f56bfc062723c751e8b465ee728b)
Start importing Assets/SyntyStudios/PolygonStarter/PolygonPrototype/Models/SM_Buildings_RoofAngledCornerInner_1x1_01.fbx using Guid(2b5aebd9d645bfe498b624603d4ed59f) Importer(815301076,1909f56bfc062723c751e8b465ee728b)  -> (artifact id: 'b5537c39cb0bb5827dbc027fc534cb47') in 0.064026 seconds 
========================================================================
Received Import Request.
  Time since last request: 0.000089 seconds.
  path: Assets/SyntyStudios/PolygonStarter/PolygonPrototype/Models/SM_Buildings_Stairs_1x1_01P.fbx
  artifactKey: Guid(4a001ffe75377b04d9e75c3e5f53ae50) Importer(815301076,1909f56bfc062723c751e8b465ee728b)
Start importing Assets/SyntyStudios/PolygonStarter/PolygonPrototype/Models/SM_Buildings_Stairs_1x1_01P.fbx using Guid(4a001ffe75377b04d9e75c3e5f53ae50) Importer(815301076,1909f56bfc062723c751e8b465ee728b)  -> (artifact id: '58b6a687f51bf2e609131698c68003e2') in 0.076463 seconds 
========================================================================
Received Import Request.
  Time since last request: 0.000073 seconds.
  path: Assets/SyntyStudios/PolygonStarter/PolygonPrototype/Models/SM_Buildings_WallDoor_5x3_01.fbx
  artifactKey: Guid(1e093714a281058458fef71aad1c76c5) Importer(815301076,1909f56bfc062723c751e8b465ee728b)
Start importing Assets/SyntyStudios/PolygonStarter/PolygonPrototype/Models/SM_Buildings_WallDoor_5x3_01.fbx using Guid(1e093714a281058458fef71aad1c76c5) Importer(815301076,1909f56bfc062723c751e8b465ee728b)  -> (artifact id: '8c865467e4aef58fa72844a953879269') in 0.066183 seconds 
========================================================================
Received Import Request.
  Time since last request: 0.000038 seconds.
  path: Assets/SyntyStudios/PolygonStarter/PolygonPrototype/Prefabs/Characters/Character_Female_NoFace_01.prefab
  artifactKey: Guid(722ecf17232566e4a81b862e2ca44aa0) Importer(815301076,1909f56bfc062723c751e8b465ee728b)
Start importing Assets/SyntyStudios/PolygonStarter/PolygonPrototype/Prefabs/Characters/Character_Female_NoFace_01.prefab using Guid(722ecf17232566e4a81b862e2ca44aa0) Importer(815301076,1909f56bfc062723c751e8b465ee728b)  -> (artifact id: 'b0f825249f262fbfabfed622363f38d1') in 0.119322 seconds 
========================================================================
Received Import Request.
  Time since last request: 0.000052 seconds.
  path: Assets/SyntyStudios/PolygonCity/Models/SM_Bld_FireEscape_03.fbx
  artifactKey: Guid(59006a4f2d7571643a502d2171ef2eff) Importer(815301076,1909f56bfc062723c751e8b465ee728b)
Start importing Assets/SyntyStudios/PolygonCity/Models/SM_Bld_FireEscape_03.fbx using Guid(59006a4f2d7571643a502d2171ef2eff) Importer(815301076,1909f56bfc062723c751e8b465ee728b)  -> (artifact id: '6a7cba355d955a39e1312b234990808a') in 0.084052 seconds 
========================================================================
Received Import Request.
  Time since last request: 0.000149 seconds.
  path: Assets/SyntyStudios/PolygonStarter/PolygonPrototype/Models/SM_Buildings_WallChamfered_1x1_01P.fbx
  artifactKey: Guid(9ac9a80a618e39646a94f2d68b2c75a3) Importer(815301076,1909f56bfc062723c751e8b465ee728b)
Start importing Assets/SyntyStudios/PolygonStarter/PolygonPrototype/Models/SM_Buildings_WallChamfered_1x1_01P.fbx using Guid(9ac9a80a618e39646a94f2d68b2c75a3) Importer(815301076,1909f56bfc062723c751e8b465ee728b)  -> (artifact id: '72fd94abf7e9bce2029b990c45621c7b') in 0.066906 seconds 
========================================================================
Received Import Request.
  Time since last request: 0.000137 seconds.
  path: Assets/SyntyStudios/PolygonStarter/PolygonPrototype/Models/SM_Buildings_RoofAngledCornerInner_5x5_01P.fbx
  artifactKey: Guid(0ff4d1e1f8aedbc41a4d8a2cba794f54) Importer(815301076,1909f56bfc062723c751e8b465ee728b)
Start importing Assets/SyntyStudios/PolygonStarter/PolygonPrototype/Models/SM_Buildings_RoofAngledCornerInner_5x5_01P.fbx using Guid(0ff4d1e1f8aedbc41a4d8a2cba794f54) Importer(815301076,1909f56bfc062723c751e8b465ee728b)  -> (artifact id: '2fa88944c72a9c992988e12051ea8547') in 0.075849 seconds 
========================================================================
Received Import Request.
  Time since last request: 0.000069 seconds.
  path: Assets/SyntyStudios/PolygonCity/Models/SM_Bld_Shop_Corner_01.fbx
  artifactKey: Guid(fd288f04e290fec4da09f82785ea46e0) Importer(815301076,1909f56bfc062723c751e8b465ee728b)
Start importing Assets/SyntyStudios/PolygonCity/Models/SM_Bld_Shop_Corner_01.fbx using Guid(fd288f04e290fec4da09f82785ea46e0) Importer(815301076,1909f56bfc062723c751e8b465ee728b)  -> (artifact id: '7e5e65c38e130ea8d470e31229a47d04') in 0.100383 seconds 
========================================================================
Received Import Request.
  Time since last request: 0.000052 seconds.
  path: Assets/SyntyStudios/PolygonCity/Models/SM_Bld_Station_03.fbx
  artifactKey: Guid(168e74101463c284aa63c2f769939413) Importer(815301076,1909f56bfc062723c751e8b465ee728b)
Start importing Assets/SyntyStudios/PolygonCity/Models/SM_Bld_Station_03.fbx using Guid(168e74101463c284aa63c2f769939413) Importer(815301076,1909f56bfc062723c751e8b465ee728b)  -> (artifact id: 'dbf45be151507fe401517401265d65e5') in 0.074713 seconds 
========================================================================
Received Import Request.
  Time since last request: 0.000074 seconds.
  path: Assets/SyntyStudios/PolygonStarter/PolygonPrototype/Materials/FX/PolygonPrototype_FX_Default.mat
  artifactKey: Guid(960efbd1b805a5343b445de1af98428e) Importer(815301076,1909f56bfc062723c751e8b465ee728b)
Start importing Assets/SyntyStudios/PolygonStarter/PolygonPrototype/Materials/FX/PolygonPrototype_FX_Default.mat using Guid(960efbd1b805a5343b445de1af98428e) Importer(815301076,1909f56bfc062723c751e8b465ee728b)  -> (artifact id: 'b9626e4356ac68a329dfd020ae0211f0') in 0.098351 seconds 
========================================================================
Received Import Request.
  Time since last request: 0.000068 seconds.
  path: Assets/SyntyStudios/PolygonStarter/PolygonPrototype/Prefabs/FX/Explosion_Small_FX.prefab
  artifactKey: Guid(4dd02b5f854b6c84990fbeb810abffe4) Importer(815301076,1909f56bfc062723c751e8b465ee728b)
Start importing Assets/SyntyStudios/PolygonStarter/PolygonPrototype/Prefabs/FX/Explosion_Small_FX.prefab using Guid(4dd02b5f854b6c84990fbeb810abffe4) Importer(815301076,1909f56bfc062723c751e8b465ee728b)  -> (artifact id: '9e5f351d6e1a1e40f6f55764d9ab009d') in 0.052857 seconds 
========================================================================
Received Import Request.
  Time since last request: 0.000054 seconds.
  path: Assets/SyntyStudios/PolygonStarter/PolygonPrototype/Prefabs/Other/FOV.prefab
  artifactKey: Guid(c9a589dc94f925a4c8b6763a02a7acb6) Importer(815301076,1909f56bfc062723c751e8b465ee728b)
Start importing Assets/SyntyStudios/PolygonStarter/PolygonPrototype/Prefabs/Other/FOV.prefab using Guid(c9a589dc94f925a4c8b6763a02a7acb6) Importer(815301076,1909f56bfc062723c751e8b465ee728b)  -> (artifact id: '79eb4ee24c1fcdb37b51713ed5dafa5b') in 0.052855 seconds 
========================================================================
Received Import Request.
  Time since last request: 0.000044 seconds.
  path: Assets/SyntyStudios/PolygonCity/Models/SM_Bld_Apartment_Stairs_Corner_01.fbx
  artifactKey: Guid(35bc2f51d3d7aae41adf7ae636dbd289) Importer(815301076,1909f56bfc062723c751e8b465ee728b)
Start importing Assets/SyntyStudios/PolygonCity/Models/SM_Bld_Apartment_Stairs_Corner_01.fbx using Guid(35bc2f51d3d7aae41adf7ae636dbd289) Importer(815301076,1909f56bfc062723c751e8b465ee728b)  -> (artifact id: '61029435633cb804f10e2abb2cae915e') in 0.042267 seconds 
========================================================================
Received Import Request.
  Time since last request: 0.000074 seconds.
  path: Assets/SyntyStudios/PolygonCity/Prefabs/Buildings/SM_Bld_Apartment_03.prefab
  artifactKey: Guid(87e255ee7b2544c45a73880dc218dceb) Importer(815301076,1909f56bfc062723c751e8b465ee728b)
Start importing Assets/SyntyStudios/PolygonCity/Prefabs/Buildings/SM_Bld_Apartment_03.prefab using Guid(87e255ee7b2544c45a73880dc218dceb) Importer(815301076,1909f56bfc062723c751e8b465ee728b)  -> (artifact id: '1bcb4ec29db9a5a238ceb607367204d8') in 0.050097 seconds 
========================================================================
Received Import Request.
  Time since last request: 0.000049 seconds.
  path: Assets/SyntyStudios/PolygonCity/Prefabs/Buildings/SM_Bld_Apartment_Door_Corner_02.prefab
  artifactKey: Guid(b7a38067f963ba848b3614156d1280af) Importer(815301076,1909f56bfc062723c751e8b465ee728b)
Start importing Assets/SyntyStudios/PolygonCity/Prefabs/Buildings/SM_Bld_Apartment_Door_Corner_02.prefab using Guid(b7a38067f963ba848b3614156d1280af) Importer(815301076,1909f56bfc062723c751e8b465ee728b)  -> (artifact id: '46ab705e8ec596dcfecf744945dd7c97') in 0.069236 seconds 
========================================================================
Received Import Request.
  Time since last request: 0.000047 seconds.
  path: Assets/SyntyStudios/PolygonStarter/PolygonPrototype/Prefabs/Character_FPS_Hands/Standard/Character_FPS_Hands_Standard_01.prefab
  artifactKey: Guid(f68be8d3fbd733544b5bc54f8afe8b72) Importer(815301076,1909f56bfc062723c751e8b465ee728b)
Start importing Assets/SyntyStudios/PolygonStarter/PolygonPrototype/Prefabs/Character_FPS_Hands/Standard/Character_FPS_Hands_Standard_01.prefab using Guid(f68be8d3fbd733544b5bc54f8afe8b72) Importer(815301076,1909f56bfc062723c751e8b465ee728b)  -> (artifact id: 'e4d2f8f9c1277aa6a72d7448c668e999') in 0.078692 seconds 
========================================================================
Received Import Request.
  Time since last request: 0.000081 seconds.
  path: Assets/SyntyStudios/PolygonStarter/PolygonPrototype/Models/SM_Buildings_Stairs_1x2_01P.fbx
  artifactKey: Guid(bd39e079fffaabd4384d356e7713f050) Importer(815301076,1909f56bfc062723c751e8b465ee728b)
Start importing Assets/SyntyStudios/PolygonStarter/PolygonPrototype/Models/SM_Buildings_Stairs_1x2_01P.fbx using Guid(bd39e079fffaabd4384d356e7713f050) Importer(815301076,1909f56bfc062723c751e8b465ee728b)  -> (artifact id: 'ba89ce79e719bcd34500df18d4f4eb7b') in 0.095857 seconds 
========================================================================
Received Import Request.
  Time since last request: 0.000090 seconds.
  path: Assets/SyntyStudios/PolygonStarter/PolygonPrototype/Models/SM_Buildings_RoofAngledCornerMiddle_2x2_01.fbx
  artifactKey: Guid(a3571b39495ff284cb304b5de2a87b85) Importer(815301076,1909f56bfc062723c751e8b465ee728b)
Start importing Assets/SyntyStudios/PolygonStarter/PolygonPrototype/Models/SM_Buildings_RoofAngledCornerMiddle_2x2_01.fbx using Guid(a3571b39495ff284cb304b5de2a87b85) Importer(815301076,1909f56bfc062723c751e8b465ee728b)  -> (artifact id: '0f893f1e7e9fdda286503468efd30434') in 0.079053 seconds 
========================================================================
Received Import Request.
  Time since last request: 0.000052 seconds.
  path: Assets/SyntyStudios/PolygonCity/Prefabs/Characters/Character_BusinessMan_Shirt_01.prefab
  artifactKey: Guid(5e488cfd825ce044395037d93a9d8eb6) Importer(815301076,1909f56bfc062723c751e8b465ee728b)
Start importing Assets/SyntyStudios/PolygonCity/Prefabs/Characters/Character_BusinessMan_Shirt_01.prefab using Guid(5e488cfd825ce044395037d93a9d8eb6) Importer(815301076,1909f56bfc062723c751e8b465ee728b)  -> (artifact id: '673860500f5949566e3574bb7b0914cd') in 0.098766 seconds 
========================================================================
Received Import Request.
  Time since last request: 0.000075 seconds.
  path: Assets/SyntyStudios/PolygonCity/Prefabs/Buildings/SM_Bld_Apartment_Stack_01.prefab
  artifactKey: Guid(c498c5a0f7820b142b3b929366f2cf35) Importer(815301076,1909f56bfc062723c751e8b465ee728b)
Start importing Assets/SyntyStudios/PolygonCity/Prefabs/Buildings/SM_Bld_Apartment_Stack_01.prefab using Guid(c498c5a0f7820b142b3b929366f2cf35) Importer(815301076,1909f56bfc062723c751e8b465ee728b)  -> (artifact id: '8ffaa103180cf71e0f672e5a65e611d5') in 0.091548 seconds 
========================================================================
Received Import Request.
  Time since last request: 0.000078 seconds.
  path: Assets/SyntyStudios/PolygonCity/Models/SM_Bld_OfficeSquare_Base_01.fbx
  artifactKey: Guid(4d4ef4bd4ca5c7b41ba293cd161b871e) Importer(815301076,1909f56bfc062723c751e8b465ee728b)
Start importing Assets/SyntyStudios/PolygonCity/Models/SM_Bld_OfficeSquare_Base_01.fbx using Guid(4d4ef4bd4ca5c7b41ba293cd161b871e) Importer(815301076,1909f56bfc062723c751e8b465ee728b)  -> (artifact id: 'aae9616ec73ff86e76f5dbf38f08b547') in 0.119169 seconds 
========================================================================
Received Import Request.
  Time since last request: 0.000083 seconds.
  path: Assets/SyntyStudios/PolygonStarter/PolygonPrototype/Models/SM_Buildings_WallChamfered_1x1_01.fbx
  artifactKey: Guid(9c26cb658adccb94c9f058d4a0231e8d) Importer(815301076,1909f56bfc062723c751e8b465ee728b)
Start importing Assets/SyntyStudios/PolygonStarter/PolygonPrototype/Models/SM_Buildings_WallChamfered_1x1_01.fbx using Guid(9c26cb658adccb94c9f058d4a0231e8d) Importer(815301076,1909f56bfc062723c751e8b465ee728b)  -> (artifact id: 'd046098341000f9f20a8dfce7c982d4a') in 0.072069 seconds 
========================================================================
Received Import Request.
  Time since last request: 0.000070 seconds.
  path: Assets/SyntyStudios/PolygonStarter/PolygonPrototype/Models/SM_Buildings_RoofAngledPoint_1x1_01P.fbx
  artifactKey: Guid(de85aaebf1c22f148b09e612deba07de) Importer(815301076,1909f56bfc062723c751e8b465ee728b)
Start importing Assets/SyntyStudios/PolygonStarter/PolygonPrototype/Models/SM_Buildings_RoofAngledPoint_1x1_01P.fbx using Guid(de85aaebf1c22f148b09e612deba07de) Importer(815301076,1909f56bfc062723c751e8b465ee728b)  -> (artifact id: 'e343ccc6dfc2af45b0d7f838b3413114') in 0.067520 seconds 
========================================================================
Received Import Request.
  Time since last request: 0.000084 seconds.
  path: Assets/SyntyStudios/PolygonCity/Models/SM_Bld_Apartment_01.fbx
  artifactKey: Guid(7e4c9c6a708282549adc005136e459f2) Importer(815301076,1909f56bfc062723c751e8b465ee728b)
Start importing Assets/SyntyStudios/PolygonCity/Models/SM_Bld_Apartment_01.fbx using Guid(7e4c9c6a708282549adc005136e459f2) Importer(815301076,1909f56bfc062723c751e8b465ee728b)  -> (artifact id: '4aed8092c69e41bdc4c945f05e20587d') in 0.124559 seconds 
========================================================================
Received Import Request.
  Time since last request: 0.000060 seconds.
  path: Assets/SyntyStudios/PolygonStarter/PolygonPrototype/Models/SM_Buildings_Ramp_45_1x1_01P.fbx
  artifactKey: Guid(9062750ab2c50154d97e419667e77b0f) Importer(815301076,1909f56bfc062723c751e8b465ee728b)
Start importing Assets/SyntyStudios/PolygonStarter/PolygonPrototype/Models/SM_Buildings_Ramp_45_1x1_01P.fbx using Guid(9062750ab2c50154d97e419667e77b0f) Importer(815301076,1909f56bfc062723c751e8b465ee728b)  -> (artifact id: '3a26bfb77a339f2d5419d9b9dfb38851') in 0.104584 seconds 
========================================================================
Received Import Request.
  Time since last request: 0.000090 seconds.
  path: Assets/SyntyStudios/PolygonStarter/PolygonPrototype/Models/SM_Buildings_RoofAngledCornerOuter_2x2_01.fbx
  artifactKey: Guid(4e7b957c94835a045a4ceec35bd07e35) Importer(815301076,1909f56bfc062723c751e8b465ee728b)
Start importing Assets/SyntyStudios/PolygonStarter/PolygonPrototype/Models/SM_Buildings_RoofAngledCornerOuter_2x2_01.fbx using Guid(4e7b957c94835a045a4ceec35bd07e35) Importer(815301076,1909f56bfc062723c751e8b465ee728b)  -> (artifact id: '8c473737f81d94bac0e0b4b2540b4e72') in 0.080971 seconds 
========================================================================
Received Import Request.
  Time since last request: 0.000076 seconds.
  path: Assets/SyntyStudios/PolygonStarter/PolygonPrototype/Models/SM_Buildings_Ramp_40_1x1_01.fbx
  artifactKey: Guid(e611aba0187903d4cb527c98c4e28fac) Importer(815301076,1909f56bfc062723c751e8b465ee728b)
Start importing Assets/SyntyStudios/PolygonStarter/PolygonPrototype/Models/SM_Buildings_Ramp_40_1x1_01.fbx using Guid(e611aba0187903d4cb527c98c4e28fac) Importer(815301076,1909f56bfc062723c751e8b465ee728b)  -> (artifact id: 'fa753947cfbc1da14c7b79eafa84cd3d') in 0.066452 seconds 
========================================================================
Received Import Request.
  Time since last request: 0.000043 seconds.
  path: Assets/SyntyStudios/PolygonStarter/PolygonPrototype/Models/SM_Buildings_RoofAngled_1x1_01P.fbx
  artifactKey: Guid(9519322d03271a34e8b2413230c4e3ff) Importer(815301076,1909f56bfc062723c751e8b465ee728b)
Start importing Assets/SyntyStudios/PolygonStarter/PolygonPrototype/Models/SM_Buildings_RoofAngled_1x1_01P.fbx using Guid(9519322d03271a34e8b2413230c4e3ff) Importer(815301076,1909f56bfc062723c751e8b465ee728b)  -> (artifact id: '1ffd814aef1e75c4b70059fbaaaf2807') in 0.071393 seconds 
========================================================================
Received Import Request.
  Time since last request: 0.000297 seconds.
  path: Assets/SyntyStudios/PolygonStarter/PolygonPrototype/Prefabs/Characters/Character_Female_Face_01.prefab
  artifactKey: Guid(538090c735358e94db8b3f02fda66106) Importer(815301076,1909f56bfc062723c751e8b465ee728b)
Start importing Assets/SyntyStudios/PolygonStarter/PolygonPrototype/Prefabs/Characters/Character_Female_Face_01.prefab using Guid(538090c735358e94db8b3f02fda66106) Importer(815301076,1909f56bfc062723c751e8b465ee728b)  -> (artifact id: '1ce7c5223d4a37aedbe12154fd28b453') in 0.087509 seconds 
========================================================================
Received Import Request.
  Time since last request: 0.000055 seconds.
  path: Assets/SyntyStudios/PolygonCity/Prefabs/Buildings/SM_Bld_Apartment_Roof_03.prefab
  artifactKey: Guid(e23461d5897c315409d7a64adcd6f311) Importer(815301076,1909f56bfc062723c751e8b465ee728b)
Start importing Assets/SyntyStudios/PolygonCity/Prefabs/Buildings/SM_Bld_Apartment_Roof_03.prefab using Guid(e23461d5897c315409d7a64adcd6f311) Importer(815301076,1909f56bfc062723c751e8b465ee728b)  -> (artifact id: '289c1e969680466281fcd5ccffbfefa7') in 0.108336 seconds 
========================================================================
Received Import Request.
  Time since last request: 0.000111 seconds.
  path: Assets/SyntyStudios/PolygonCity/Models/SM_Bld_Shop_Cover_02.fbx
  artifactKey: Guid(1ff02d60dcd4dc84ab0232c49a6bceb7) Importer(815301076,1909f56bfc062723c751e8b465ee728b)
Start importing Assets/SyntyStudios/PolygonCity/Models/SM_Bld_Shop_Cover_02.fbx using Guid(1ff02d60dcd4dc84ab0232c49a6bceb7) Importer(815301076,1909f56bfc062723c751e8b465ee728b)  -> (artifact id: 'a68d8029ed11038d9dafb9c3de484ab3') in 0.086665 seconds 
========================================================================
Received Import Request.
  Time since last request: 0.000043 seconds.
  path: Assets/SyntyStudios/PolygonCity/Models/SM_Bld_Apartment_Door_01.fbx
  artifactKey: Guid(b4e92f91613439040b43108a49a4f3b3) Importer(815301076,1909f56bfc062723c751e8b465ee728b)
Start importing Assets/SyntyStudios/PolygonCity/Models/SM_Bld_Apartment_Door_01.fbx using Guid(b4e92f91613439040b43108a49a4f3b3) Importer(815301076,1909f56bfc062723c751e8b465ee728b)  -> (artifact id: 'b1fbb9582ab59224982b2bbd54b55a56') in 0.086308 seconds 
========================================================================
Received Import Request.
  Time since last request: 0.000047 seconds.
  path: Assets/SyntyStudios/PolygonStarter/PolygonPrototype/Prefabs/Characters/Character_Male_NoFace_01.prefab
  artifactKey: Guid(1617cfd7d856042459cec623d111378d) Importer(815301076,1909f56bfc062723c751e8b465ee728b)
Start importing Assets/SyntyStudios/PolygonStarter/PolygonPrototype/Prefabs/Characters/Character_Male_NoFace_01.prefab using Guid(1617cfd7d856042459cec623d111378d) Importer(815301076,1909f56bfc062723c751e8b465ee728b)  -> (artifact id: '43918fc508559f3a9a54b2f97c4d0231') in 0.096812 seconds 
========================================================================
Received Import Request.
  Time since last request: 0.000065 seconds.
  path: Assets/SyntyStudios/PolygonStarter/PolygonPrototype/Models/SM_Buildings_RoofAngledCornerOuter_1x1_01.fbx
  artifactKey: Guid(115fe642289dc974eb2ffdea9c9ec5d2) Importer(815301076,1909f56bfc062723c751e8b465ee728b)
Start importing Assets/SyntyStudios/PolygonStarter/PolygonPrototype/Models/SM_Buildings_RoofAngledCornerOuter_1x1_01.fbx using Guid(115fe642289dc974eb2ffdea9c9ec5d2) Importer(815301076,1909f56bfc062723c751e8b465ee728b)  -> (artifact id: '78b5018d11c52e9d5c66d13048a9451e') in 0.113052 seconds 
========================================================================
Received Import Request.
  Time since last request: 0.000060 seconds.
  path: Assets/SyntyStudios/PolygonCity/Models/SM_Bld_FireEscape_02.fbx
  artifactKey: Guid(4cb0686ca55c21f4d9bfa80ddbdc3a71) Importer(815301076,1909f56bfc062723c751e8b465ee728b)
Start importing Assets/SyntyStudios/PolygonCity/Models/SM_Bld_FireEscape_02.fbx using Guid(4cb0686ca55c21f4d9bfa80ddbdc3a71) Importer(815301076,1909f56bfc062723c751e8b465ee728b)  -> (artifact id: '6b6c9a668101a63d6a09c9fe029785df') in 0.123386 seconds 
========================================================================
Received Import Request.
  Time since last request: 0.000058 seconds.
  path: Assets/SyntyStudios/PolygonStarter/PolygonPrototype/Models/SM_Buildings_Stairs_1x3_01.fbx
  artifactKey: Guid(7ce50dc06d7bb62448b532080fd35371) Importer(815301076,1909f56bfc062723c751e8b465ee728b)
Start importing Assets/SyntyStudios/PolygonStarter/PolygonPrototype/Models/SM_Buildings_Stairs_1x3_01.fbx using Guid(7ce50dc06d7bb62448b532080fd35371) Importer(815301076,1909f56bfc062723c751e8b465ee728b)  -> (artifact id: 'fe66ac2f58b9984dddf2336666c67641') in 0.100297 seconds 
========================================================================
Received Import Request.
  Time since last request: 0.000068 seconds.
  path: Assets/SyntyStudios/PolygonStarter/PolygonPrototype/Models/SM_Buildings_RoofAngledCornerInner_5x5_01.fbx
  artifactKey: Guid(be8f819c642386547b240d085e469589) Importer(815301076,1909f56bfc062723c751e8b465ee728b)
Start importing Assets/SyntyStudios/PolygonStarter/PolygonPrototype/Models/SM_Buildings_RoofAngledCornerInner_5x5_01.fbx using Guid(be8f819c642386547b240d085e469589) Importer(815301076,1909f56bfc062723c751e8b465ee728b)  -> (artifact id: '07eacc152314fdd5984ee830853626db') in 0.080291 seconds 
========================================================================
Received Import Request.
  Time since last request: 0.000120 seconds.
  path: Assets/SyntyStudios/PolygonCity/Models/SM_Bld_Shop_03.fbx
  artifactKey: Guid(cabf262b9c587ab4cb3cb6dae282959b) Importer(815301076,1909f56bfc062723c751e8b465ee728b)
Start importing Assets/SyntyStudios/PolygonCity/Models/SM_Bld_Shop_03.fbx using Guid(cabf262b9c587ab4cb3cb6dae282959b) Importer(815301076,1909f56bfc062723c751e8b465ee728b)  -> (artifact id: 'b05cb4e8a9e8d605efe7aeca4252bc1d') in 0.114582 seconds 
========================================================================
Received Import Request.
  Time since last request: 0.000169 seconds.
  path: Assets/SyntyStudios/PolygonCity/Models/SM_Bld_Apartment_Roof_01.fbx
  artifactKey: Guid(f286c71f1970ade409f13a3fa171a2a3) Importer(815301076,1909f56bfc062723c751e8b465ee728b)
Start importing Assets/SyntyStudios/PolygonCity/Models/SM_Bld_Apartment_Roof_01.fbx using Guid(f286c71f1970ade409f13a3fa171a2a3) Importer(815301076,1909f56bfc062723c751e8b465ee728b)  -> (artifact id: '6a6f1ad7489f7347eb96278cec18cb00') in 0.059072 seconds 
========================================================================
Received Import Request.
  Time since last request: 0.000070 seconds.
  path: Assets/SyntyStudios/PolygonStarter/Models/SM_Bean_Cop_01.fbx
  artifactKey: Guid(c89a73caf26194948b5a891401eaf18e) Importer(815301076,1909f56bfc062723c751e8b465ee728b)
Start importing Assets/SyntyStudios/PolygonStarter/Models/SM_Bean_Cop_01.fbx using Guid(c89a73caf26194948b5a891401eaf18e) Importer(815301076,1909f56bfc062723c751e8b465ee728b)  -> (artifact id: 'f344a46af22e35058e4a4f5c0ee00057') in 0.096805 seconds 
========================================================================
Received Import Request.
  Time since last request: 0.000036 seconds.
  path: Assets/SyntyStudios/PolygonCity/Models/Collisions/SM_Bld_Apartment_Stairs_02_Collision.fbx
  artifactKey: Guid(d727ed3d685501b45af77bdb4fb61185) Importer(815301076,1909f56bfc062723c751e8b465ee728b)
Start importing Assets/SyntyStudios/PolygonCity/Models/Collisions/SM_Bld_Apartment_Stairs_02_Collision.fbx using Guid(d727ed3d685501b45af77bdb4fb61185) Importer(815301076,1909f56bfc062723c751e8b465ee728b)  -> (artifact id: 'fbe361710895eb59b7612ebdfc47e9e0') in 0.062231 seconds 
========================================================================
Received Import Request.
  Time since last request: 0.000057 seconds.
  path: Assets/SyntyStudios/PolygonStarter/PolygonPrototype/Models/SM_Buildings_WallChamfered_2x2_01P.fbx
  artifactKey: Guid(b47667a8840915147a5e57faf2c364d1) Importer(815301076,1909f56bfc062723c751e8b465ee728b)
Start importing Assets/SyntyStudios/PolygonStarter/PolygonPrototype/Models/SM_Buildings_WallChamfered_2x2_01P.fbx using Guid(b47667a8840915147a5e57faf2c364d1) Importer(815301076,1909f56bfc062723c751e8b465ee728b)  -> (artifact id: '4afa04e225c31918d3a3432e218327f8') in 0.091525 seconds 
========================================================================
Received Import Request.
  Time since last request: 0.000260 seconds.
  path: Assets/SyntyStudios/PolygonStarter/PolygonPrototype/Models/SM_Buildings_WallDoor_5x3_01P.fbx
  artifactKey: Guid(d02465c6b6027974ba95cfee1396578e) Importer(815301076,1909f56bfc062723c751e8b465ee728b)
Start importing Assets/SyntyStudios/PolygonStarter/PolygonPrototype/Models/SM_Buildings_WallDoor_5x3_01P.fbx using Guid(d02465c6b6027974ba95cfee1396578e) Importer(815301076,1909f56bfc062723c751e8b465ee728b)  -> (artifact id: 'bce6e85e69b71fdeaf820d012e811094') in 0.093880 seconds 
========================================================================
Received Import Request.
  Time since last request: 0.000072 seconds.
  path: Assets/SyntyStudios/PolygonStarter/Prefabs/Characters/SM_Bean_Female_01.prefab
  artifactKey: Guid(bc89cff11dc72544faaaa69b501fd596) Importer(815301076,1909f56bfc062723c751e8b465ee728b)
Start importing Assets/SyntyStudios/PolygonStarter/Prefabs/Characters/SM_Bean_Female_01.prefab using Guid(bc89cff11dc72544faaaa69b501fd596) Importer(815301076,1909f56bfc062723c751e8b465ee728b)  -> (artifact id: '658eb6829ddbdd1a97800f7175c63d76') in 0.060278 seconds 
========================================================================
Received Import Request.
  Time since last request: 0.000058 seconds.
  path: Assets/SyntyStudios/PolygonCity/Models/SM_Bld_OfficeOctagon_Floor_01.fbx
  artifactKey: Guid(5ce680b1f9968574db18a2f0a5f0aa6a) Importer(815301076,1909f56bfc062723c751e8b465ee728b)
Start importing Assets/SyntyStudios/PolygonCity/Models/SM_Bld_OfficeOctagon_Floor_01.fbx using Guid(5ce680b1f9968574db18a2f0a5f0aa6a) Importer(815301076,1909f56bfc062723c751e8b465ee728b)  -> (artifact id: '820da3447a87b4028a7eb541cda8562e') in 0.101203 seconds 
========================================================================
Received Import Request.
  Time since last request: 0.000103 seconds.
  path: Assets/SyntyStudios/PolygonCity/Models/SM_Bld_Apartment_Stack_02.fbx
  artifactKey: Guid(9722dd2ac8fdbbb4aa8de708ed3effa5) Importer(815301076,1909f56bfc062723c751e8b465ee728b)
Start importing Assets/SyntyStudios/PolygonCity/Models/SM_Bld_Apartment_Stack_02.fbx using Guid(9722dd2ac8fdbbb4aa8de708ed3effa5) Importer(815301076,1909f56bfc062723c751e8b465ee728b)  -> (artifact id: '96b8d27e64eb624f65ddc8a21eeebd85') in 0.086725 seconds 
========================================================================
Received Import Request.
  Time since last request: 0.000045 seconds.
  path: Assets/SyntyStudios/PolygonStarter/PolygonPrototype/Models/SM_Buildings_RoofAngledPoint_5x5_01P.fbx
  artifactKey: Guid(bb2c86eae9b030241aaa2e3f9ecf84db) Importer(815301076,1909f56bfc062723c751e8b465ee728b)
Start importing Assets/SyntyStudios/PolygonStarter/PolygonPrototype/Models/SM_Buildings_RoofAngledPoint_5x5_01P.fbx using Guid(bb2c86eae9b030241aaa2e3f9ecf84db) Importer(815301076,1909f56bfc062723c751e8b465ee728b)  -> (artifact id: '7c86f55a94fa93d1a6e618de4b26802c') in 0.116982 seconds 
========================================================================
Received Import Request.
  Time since last request: 0.000044 seconds.
  path: Assets/SyntyStudios/PolygonCity/Prefabs/Buildings/SM_Bld_Apartment_Door_02.prefab
  artifactKey: Guid(295b7b7ec52815e41ba330f82ad49dde) Importer(815301076,1909f56bfc062723c751e8b465ee728b)
Start importing Assets/SyntyStudios/PolygonCity/Prefabs/Buildings/SM_Bld_Apartment_Door_02.prefab using Guid(295b7b7ec52815e41ba330f82ad49dde) Importer(815301076,1909f56bfc062723c751e8b465ee728b)  -> (artifact id: '5780d49a39dfb3d8d2baf7882165d979') in 0.107437 seconds 
========================================================================
Received Import Request.
  Time since last request: 0.000073 seconds.
  path: Assets/SyntyStudios/PolygonCity/Prefabs/Characters/FixedScaleCharacters/Character_Female_Police.prefab
  artifactKey: Guid(6aadac4ba6f145a48863dc87f16916d6) Importer(815301076,1909f56bfc062723c751e8b465ee728b)
Start importing Assets/SyntyStudios/PolygonCity/Prefabs/Characters/FixedScaleCharacters/Character_Female_Police.prefab using Guid(6aadac4ba6f145a48863dc87f16916d6) Importer(815301076,1909f56bfc062723c751e8b465ee728b)  -> (artifact id: '77d43bbe9a79e977b8a0a8cada66a6eb') in 0.111589 seconds 
========================================================================
Received Import Request.
  Time since last request: 0.000051 seconds.
  path: Assets/SyntyStudios/PolygonStarter/PolygonPrototype/Models/SM_Buildings_FloorInner_Curved_2x2_01P.fbx
  artifactKey: Guid(3f5c320a134f60343a8514a340a8a0dd) Importer(815301076,1909f56bfc062723c751e8b465ee728b)
Start importing Assets/SyntyStudios/PolygonStarter/PolygonPrototype/Models/SM_Buildings_FloorInner_Curved_2x2_01P.fbx using Guid(3f5c320a134f60343a8514a340a8a0dd) Importer(815301076,1909f56bfc062723c751e8b465ee728b)  -> (artifact id: '40281a33290d28e1d0558a4fea1ea666') in 0.111424 seconds 
Editor requested this worker to shutdown with reason: Scaling down because of idle timeout
AssetImportWorker is now disconnected from the server
Process exiting
Exiting without the bug reporter. Application will terminate with return code 0